Using pre-set license
Built from '2020.3/staging' branch; Version is '2020.3.8f1 (507919d4fff5) revision 5273881'; Using compiler version '192528614'; Build Type 'Release'
OS: 'Windows 10 Pro; OS build 19042.1052; Version 2009; 64bit' Language: 'en' Physical Memory: 32717 MB
BatchMode: 1, IsHumanControllingUs: 0, StartBugReporterOnCrash: 0, Is64bit: 1, IsPro: 0

 COMMAND LINE ARGUMENTS:
C:\Program Files\Unity\Hub\Editor\2020.3.8f1\Editor\Unity.exe
-adb2
-batchMode
-noUpm
-name
AssetImportWorker0
-projectPath
D:/Jaywalkerz 1.1
-logFile
Logs/AssetImportWorker0.log
-srvPort
64305
Successfully changed project path to: D:/Jaywalkerz 1.1
D:/Jaywalkerz 1.1
Using Asset Import Pipeline V2.
Refreshing native plugins compatible for Editor in 42.21 ms, found 0 plugins.
Preloading 0 native plugins for Editor in 0.00 ms.
Initialize engine version: 2020.3.8f1 (507919d4fff5)
[Subsystems] Discovering subsystems at path C:/Program Files/Unity/Hub/Editor/2020.3.8f1/Editor/Data/Resources/UnitySubsystems
[Subsystems] Discovering subsystems at path D:/Jaywalkerz 1.1/Assets
GfxDevice: creating device client; threaded=0
Direct3D:
    Version:  Direct3D 11.0 [level 11.1]
    Renderer: NVIDIA GeForce RTX 2070 SUPER (ID=0x1e84)
    Vendor:   
    VRAM:     8011 MB
    Driver:   27.21.14.6089
Initialize mono
Mono path[0] = 'C:/Program Files/Unity/Hub/Editor/2020.3.8f1/Editor/Data/Managed'
Mono path[1] = 'C:/Program Files/Unity/Hub/Editor/2020.3.8f1/Editor/Data/MonoBleedingEdge/lib/mono/unityjit'
Mono config path = 'C:/Program Files/Unity/Hub/Editor/2020.3.8f1/Editor/Data/MonoBleedingEdge/etc'
Using monoOptions --debugger-agent=transport=dt_socket,embedding=1,server=y,suspend=n,address=127.0.0.1:56084
Begin MonoManager ReloadAssembly
Registering precompiled unity dll's ...
Register platform support module: C:/Program Files/Unity/Hub/Editor/2020.3.8f1/Editor/Data/PlaybackEngines/WebGLSupport/UnityEditor.WebGL.Extensions.dll
Register platform support module: C:/Program Files/Unity/Hub/Editor/2020.3.8f1/Editor/Data/PlaybackEngines/WindowsStandaloneSupport/UnityEditor.WindowsStandalone.Extensions.dll
Registered in 0.001952 seconds.
Native extension for WindowsStandalone target not found
Native extension for WebGL target not found
Refreshing native plugins compatible for Editor in 43.20 ms, found 0 plugins.
Preloading 0 native plugins for Editor in 0.00 ms.
Mono: successfully reloaded assembly
- Completed reload, in  0.985 seconds
Platform modules already initialized, skipping
Registering precompiled user dll's ...
Registered in 0.000787 seconds.
Begin MonoManager ReloadAssembly
Native extension for WindowsStandalone target not found
Native extension for WebGL target not found
Refreshing native plugins compatible for Editor in 46.65 ms, found 0 plugins.
Preloading 0 native plugins for Editor in 0.00 ms.
Mono: successfully reloaded assembly
- Completed reload, in  0.807 seconds
Platform modules already initialized, skipping
========================================================================
Worker process is ready to serve import requests
Shader 'Universal Render Pipeline/Particles/Lit': fallback shader 'Universal Render Pipeline/Particles/SimpleLit' not found
Shader 'Universal Render Pipeline/Particles/Lit': fallback shader 'Universal Render Pipeline/Particles/SimpleLit' not found
Launched and connected shader compiler UnityShaderCompiler.exe after 0.05 seconds
Refreshing native plugins compatible for Editor in 0.58 ms, found 0 plugins.
Preloading 0 native plugins for Editor in 0.00 ms.
Unloading 2446 Unused Serialized files (Serialized files now loaded: 0)
System memory in use before: 117.9 MB.
System memory in use after: 115.2 MB.

Unloading 45 unused Assets to reduce memory usage. Loaded Objects now: 2856.
Total: 2.839600 ms (FindLiveObjects: 0.237100 ms CreateObjectMapping: 0.071300 ms MarkObjects: 1.452000 ms  DeleteObjects: 1.078100 ms)

========================================================================
Received Import Request.
  path: Assets/Kevin Iglesias/Basic Motions/Prefabs/BasicMotionsDummy.prefab
  artifactKey: Guid(d6d06c887a1aae94f8c6e8cc2c0c557b) Importer(815301076,1909f56bfc062723c751e8b465ee728b)
Start importing Assets/Kevin Iglesias/Basic Motions/Prefabs/BasicMotionsDummy.prefab using Guid(d6d06c887a1aae94f8c6e8cc2c0c557b) Importer(815301076,1909f56bfc062723c751e8b465ee728b)  -> (artifact id: 'e06feb037458c0526d1b09f596bc2f1a') in 0.259005 seconds
  Import took 0.262586 seconds .

========================================================================
Received Import Request.
  Time since last request: 0.000159 seconds.
  path: Assets/Kevin Iglesias/Basic Motions/Materials/BasicMotionsFloor.mat
  artifactKey: Guid(02490f38574ec9541a91585b214de9f6) Importer(815301076,1909f56bfc062723c751e8b465ee728b)
Start importing Assets/Kevin Iglesias/Basic Motions/Materials/BasicMotionsFloor.mat using Guid(02490f38574ec9541a91585b214de9f6) Importer(815301076,1909f56bfc062723c751e8b465ee728b)  -> (artifact id: '3684b5279922e8ffc7f17b659c662cdc') in 0.032743 seconds
  Import took 0.035651 seconds .

========================================================================
Received Import Request.
  Time since last request: 0.000150 seconds.
  path: Assets/Kevin Iglesias/Basic Motions/Materials/BasicMotionsMaterial.mat
  artifactKey: Guid(ccc50d631d14df84a982c4f4acd00013) Importer(815301076,1909f56bfc062723c751e8b465ee728b)
Start importing Assets/Kevin Iglesias/Basic Motions/Materials/BasicMotionsMaterial.mat using Guid(ccc50d631d14df84a982c4f4acd00013) Importer(815301076,1909f56bfc062723c751e8b465ee728b)  -> (artifact id: 'fe039b9853404c1f51fb21e5c60f4fca') in 0.012356 seconds
  Import took 0.015329 seconds .

========================================================================
Received Import Request.
  Time since last request: 0.000155 seconds.
  path: Assets/Kevin Iglesias/Basic Motions/Models/BasicMotionsDummyModel.fbx
  artifactKey: Guid(5917c0e93d180a842b61d1ebc62a195c) Importer(815301076,1909f56bfc062723c751e8b465ee728b)
Start importing Assets/Kevin Iglesias/Basic Motions/Models/BasicMotionsDummyModel.fbx using Guid(5917c0e93d180a842b61d1ebc62a195c) Importer(815301076,1909f56bfc062723c751e8b465ee728b)  -> (artifact id: 'e8e84713825f16c56d4df948c9f6dd02') in 0.126480 seconds
  Import took 0.129774 seconds .

========================================================================
Received Import Request.
  Time since last request: 163.326753 seconds.
  path: Assets/Kevin Iglesias/Basic Motions/Animations/Movement/BasicMotions@Jump01.fbx
  artifactKey: Guid(067cc188e25b78b4a940a9fa67cd6ee7) Importer(815301076,1909f56bfc062723c751e8b465ee728b)
Start importing Assets/Kevin Iglesias/Basic Motions/Animations/Movement/BasicMotions@Jump01.fbx using Guid(067cc188e25b78b4a940a9fa67cd6ee7) Importer(815301076,1909f56bfc062723c751e8b465ee728b)  -> (artifact id: 'aa8c3e0f0b5b09be572e7db688d9bb77') in 0.010386 seconds
  Import took 0.014381 seconds .

========================================================================
Received Import Request.
  Time since last request: 0.000187 seconds.
  path: Assets/Kevin Iglesias/Basic Motions/Animations/Movement/BasicMotions@Walk01 [RM].fbx
  artifactKey: Guid(bd1c2e9064da28e4fb0fe4a3f6ff4e33) Importer(815301076,1909f56bfc062723c751e8b465ee728b)
Start importing Assets/Kevin Iglesias/Basic Motions/Animations/Movement/BasicMotions@Walk01 [RM].fbx using Guid(bd1c2e9064da28e4fb0fe4a3f6ff4e33) Importer(815301076,1909f56bfc062723c751e8b465ee728b)  -> (artifact id: 'd36818fdbdf155c76c8745019f02e909') in 0.011838 seconds
  Import took 0.015698 seconds .

========================================================================
Received Import Request.
  Time since last request: 0.000130 seconds.
  path: Assets/Kevin Iglesias/Basic Motions/Animations/Movement/BasicMotions@Walk01.fbx
  artifactKey: Guid(0536f044bd409ff419dd726bc69d2676) Importer(815301076,1909f56bfc062723c751e8b465ee728b)
Start importing Assets/Kevin Iglesias/Basic Motions/Animations/Movement/BasicMotions@Walk01.fbx using Guid(0536f044bd409ff419dd726bc69d2676) Importer(815301076,1909f56bfc062723c751e8b465ee728b)  -> (artifact id: '5d124de4446cd64c76b1cecb6da26666') in 0.011334 seconds
  Import took 0.015517 seconds .

========================================================================
Received Import Request.
  Time since last request: 0.000177 seconds.
  path: Assets/Kevin Iglesias/Basic Motions/Animations/Movement/BasicMotions@Run01 [RM].fbx
  artifactKey: Guid(154a724602422044c91070a5f3c67c11) Importer(815301076,1909f56bfc062723c751e8b465ee728b)
Start importing Assets/Kevin Iglesias/Basic Motions/Animations/Movement/BasicMotions@Run01 [RM].fbx using Guid(154a724602422044c91070a5f3c67c11) Importer(815301076,1909f56bfc062723c751e8b465ee728b)  -> (artifact id: '9cba3587019003d7f443d3eeec15c265') in 0.010960 seconds
  Import took 0.015362 seconds .

========================================================================
Received Import Request.
  Time since last request: 0.000136 seconds.
  path: Assets/Kevin Iglesias/Basic Motions/Animations/Movement/BasicMotions@Sprint01 [RM].fbx
  artifactKey: Guid(7eebd174ff53112419b27f9d903573d7) Importer(815301076,1909f56bfc062723c751e8b465ee728b)
Start importing Assets/Kevin Iglesias/Basic Motions/Animations/Movement/BasicMotions@Sprint01 [RM].fbx using Guid(7eebd174ff53112419b27f9d903573d7) Importer(815301076,1909f56bfc062723c751e8b465ee728b)  -> (artifact id: '6d05f8ab75dae38e0ef38a6cb1d155fe') in 0.010389 seconds
  Import took 0.013856 seconds .

========================================================================
Received Import Request.
  Time since last request: 0.000127 seconds.
  path: Assets/Kevin Iglesias/Basic Motions/Animations/Movement/BasicMotions@Sprint01.fbx
  artifactKey: Guid(98d8219075968bd43b75fdba6b4463d3) Importer(815301076,1909f56bfc062723c751e8b465ee728b)
Start importing Assets/Kevin Iglesias/Basic Motions/Animations/Movement/BasicMotions@Sprint01.fbx using Guid(98d8219075968bd43b75fdba6b4463d3) Importer(815301076,1909f56bfc062723c751e8b465ee728b)  -> (artifact id: '57fa1c2fb6dd9972c13094c4a4a2f9af') in 0.010164 seconds
  Import took 0.013480 seconds .

========================================================================
Received Import Request.
  Time since last request: 0.000168 seconds.
  path: Assets/Kevin Iglesias/Basic Motions/Animations/Movement/BasicMotions@Run01.fbx
  artifactKey: Guid(46d5b47e60163f148ada32ff97c7aa32) Importer(815301076,1909f56bfc062723c751e8b465ee728b)
Start importing Assets/Kevin Iglesias/Basic Motions/Animations/Movement/BasicMotions@Run01.fbx using Guid(46d5b47e60163f148ada32ff97c7aa32) Importer(815301076,1909f56bfc062723c751e8b465ee728b)  -> (artifact id: '0b69e98a668aed8e94eceb62255bb98a') in 0.010341 seconds
  Import took 0.014070 seconds .

========================================================================
Received Import Request.
  Time since last request: 362.826934 seconds.
  path: Assets/Animations/Pedestrian.controller
  artifactKey: Guid(8541c13e8e53b534ea3e471aa865b78f) Importer(815301076,1909f56bfc062723c751e8b465ee728b)
Start importing Assets/Animations/Pedestrian.controller using Guid(8541c13e8e53b534ea3e471aa865b78f) Importer(815301076,1909f56bfc062723c751e8b465ee728b)  -> (artifact id: 'f7b9cbf539cd6d8990082922e89685d7') in 0.007959 seconds
  Import took 0.011884 seconds .

========================================================================
Received Import Request.
  Time since last request: 64.131390 seconds.
  path: Assets/Ladymito/Free_cat/Materials/cat_material.mat
  artifactKey: Guid(47090793e93c4c948b61cbd5422d34cd) Importer(815301076,1909f56bfc062723c751e8b465ee728b)
Start importing Assets/Ladymito/Free_cat/Materials/cat_material.mat using Guid(47090793e93c4c948b61cbd5422d34cd) Importer(815301076,1909f56bfc062723c751e8b465ee728b)  -> (artifact id: 'cea868bdb34e59d949ee0185ba9bddd7') in 0.013946 seconds
  Import took 0.017444 seconds .

========================================================================
Received Import Request.
  Time since last request: 1.435027 seconds.
  path: Assets/Ladymito/Free_cat/Models/cat.fbx
  artifactKey: Guid(9b574434f73c46a4eb333235dd556599) Importer(815301076,1909f56bfc062723c751e8b465ee728b)
Start importing Assets/Ladymito/Free_cat/Models/cat.fbx using Guid(9b574434f73c46a4eb333235dd556599) Importer(815301076,1909f56bfc062723c751e8b465ee728b)  -> (artifact id: '920ba2549981fd682292392fb12a4901') in 0.037397 seconds
  Import took 0.041228 seconds .

========================================================================
Received Import Request.
  Time since last request: 137.356532 seconds.
  path: Assets/Animations/Pedestrian.controller
  artifactKey: Guid(8541c13e8e53b534ea3e471aa865b78f) Importer(815301076,1909f56bfc062723c751e8b465ee728b)
Start importing Assets/Animations/Pedestrian.controller using Guid(8541c13e8e53b534ea3e471aa865b78f) Importer(815301076,1909f56bfc062723c751e8b465ee728b)  -> (artifact id: '9dfc8be11aa50be9fc094a0558573efc') in 0.002502 seconds
  Import took 0.005906 seconds .

========================================================================
Received Import Request.
  Time since last request: 18.716965 seconds.
  path: Assets/Kevin Iglesias/Basic Motions/Animations/Idles/BasicMotions@Idle01.fbx
  artifactKey: Guid(a3422ad278cd9a94aa3da8e6bff9deea) Importer(815301076,1909f56bfc062723c751e8b465ee728b)
Start importing Assets/Kevin Iglesias/Basic Motions/Animations/Idles/BasicMotions@Idle01.fbx using Guid(a3422ad278cd9a94aa3da8e6bff9deea) Importer(815301076,1909f56bfc062723c751e8b465ee728b)  -> (artifact id: '7cb7a5b4a54e995c4d60a24c5fbad85b') in 0.008897 seconds
  Import took 0.012434 seconds .

========================================================================
Received Import Request.
  Time since last request: 0.000184 seconds.
  path: Assets/Kevin Iglesias/Basic Motions/Animations/Idles/BasicMotions@Idle02.fbx
  artifactKey: Guid(69d59c13a83a7c74a8cc0607ded391ec) Importer(815301076,1909f56bfc062723c751e8b465ee728b)
Start importing Assets/Kevin Iglesias/Basic Motions/Animations/Idles/BasicMotions@Idle02.fbx using Guid(69d59c13a83a7c74a8cc0607ded391ec) Importer(815301076,1909f56bfc062723c751e8b465ee728b)  -> (artifact id: 'd09186102aa5cee99800a33e2e61e88d') in 0.009001 seconds
  Import took 0.012286 seconds .

========================================================================
Received Import Request.
  Time since last request: 29.412651 seconds.
  path: Assets/Kevin Iglesias/Basic Motions/Animations/Movement
  artifactKey: Guid(162d3c986ae81044b8e9de5caae05de1) Importer(815301076,1909f56bfc062723c751e8b465ee728b)
Start importing Assets/Kevin Iglesias/Basic Motions/Animations/Movement using Guid(162d3c986ae81044b8e9de5caae05de1) Importer(815301076,1909f56bfc062723c751e8b465ee728b)  -> (artifact id: '7fe79483b141b36c9b5f071b58c47bf6') in 0.004705 seconds
  Import took 0.008130 seconds .

========================================================================
Received Prepare
Registering precompiled user dll's ...
Registered in 0.000959 seconds.
Begin MonoManager ReloadAssembly
Native extension for WindowsStandalone target not found
Native extension for WebGL target not found
Refreshing native plugins compatible for Editor in 0.45 ms, found 0 plugins.
Preloading 0 native plugins for Editor in 0.00 ms.
Mono: successfully reloaded assembly
- Completed reload, in  0.748 seconds
Platform modules already initialized, skipping
Shader 'Universal Render Pipeline/Particles/Lit': fallback shader 'Universal Render Pipeline/Particles/SimpleLit' not found
Shader 'Universal Render Pipeline/Particles/Lit': fallback shader 'Universal Render Pipeline/Particles/SimpleLit' not found
Refreshing native plugins compatible for Editor in 0.44 ms, found 0 plugins.
Preloading 0 native plugins for Editor in 0.00 ms.
Unloading 2358 Unused Serialized files (Serialized files now loaded: 0)
System memory in use before: 132.7 MB.
System memory in use after: 129.9 MB.

Unloading 40 unused Assets to reduce memory usage. Loaded Objects now: 2942.
Total: 2.924700 ms (FindLiveObjects: 0.222500 ms CreateObjectMapping: 0.059100 ms MarkObjects: 1.517100 ms  DeleteObjects: 1.124900 ms)

========================================================================
Received Prepare
Registering precompiled user dll's ...
Registered in 0.000936 seconds.
Begin MonoManager ReloadAssembly
Native extension for WindowsStandalone target not found
Native extension for WebGL target not found
Refreshing native plugins compatible for Editor in 0.43 ms, found 0 plugins.
Preloading 0 native plugins for Editor in 0.00 ms.
Mono: successfully reloaded assembly
- Completed reload, in  0.732 seconds
Platform modules already initialized, skipping
Shader 'Universal Render Pipeline/Particles/Lit': fallback shader 'Universal Render Pipeline/Particles/SimpleLit' not found
Shader 'Universal Render Pipeline/Particles/Lit': fallback shader 'Universal Render Pipeline/Particles/SimpleLit' not found
Refreshing native plugins compatible for Editor in 0.43 ms, found 0 plugins.
Preloading 0 native plugins for Editor in 0.00 ms.
Unloading 2358 Unused Serialized files (Serialized files now loaded: 0)
System memory in use before: 132.7 MB.
System memory in use after: 129.9 MB.

Unloading 40 unused Assets to reduce memory usage. Loaded Objects now: 2945.
Total: 2.985900 ms (FindLiveObjects: 0.220000 ms CreateObjectMapping: 0.071000 ms MarkObjects: 1.484600 ms  DeleteObjects: 1.209400 ms)

========================================================================
Received Import Request.
  Time since last request: 699.533394 seconds.
  path: Assets/Scripts/pedestrian.cs
  artifactKey: Guid(b82622c56a7a9df4e9a40892721cc9b3) Importer(815301076,1909f56bfc062723c751e8b465ee728b)
Start importing Assets/Scripts/pedestrian.cs using Guid(b82622c56a7a9df4e9a40892721cc9b3) Importer(815301076,1909f56bfc062723c751e8b465ee728b)  -> (artifact id: '69e0736a12e609760f47703c5551e690') in 0.009647 seconds
  Import took 0.013213 seconds .

========================================================================
Received Prepare
Registering precompiled user dll's ...
Registered in 0.000858 seconds.
Begin MonoManager ReloadAssembly
Native extension for WindowsStandalone target not found
Native extension for WebGL target not found
Refreshing native plugins compatible for Editor in 0.43 ms, found 0 plugins.
Preloading 0 native plugins for Editor in 0.00 ms.
Mono: successfully reloaded assembly
- Completed reload, in  0.728 seconds
Platform modules already initialized, skipping
Shader 'Universal Render Pipeline/Particles/Lit': fallback shader 'Universal Render Pipeline/Particles/SimpleLit' not found
Shader 'Universal Render Pipeline/Particles/Lit': fallback shader 'Universal Render Pipeline/Particles/SimpleLit' not found
Refreshing native plugins compatible for Editor in 0.43 ms, found 0 plugins.
Preloading 0 native plugins for Editor in 0.00 ms.
Unloading 2358 Unused Serialized files (Serialized files now loaded: 0)
System memory in use before: 132.7 MB.
System memory in use after: 130.0 MB.

Unloading 40 unused Assets to reduce memory usage. Loaded Objects now: 2948.
Total: 2.984600 ms (FindLiveObjects: 0.210400 ms CreateObjectMapping: 0.058400 ms MarkObjects: 1.494600 ms  DeleteObjects: 1.220300 ms)

========================================================================
Received Import Request.
  Time since last request: 14.273599 seconds.
  path: Assets/Scripts/pedestrian.cs
  artifactKey: Guid(b82622c56a7a9df4e9a40892721cc9b3) Importer(815301076,1909f56bfc062723c751e8b465ee728b)
Start importing Assets/Scripts/pedestrian.cs using Guid(b82622c56a7a9df4e9a40892721cc9b3) Importer(815301076,1909f56bfc062723c751e8b465ee728b)  -> (artifact id: 'aadde7ffed2ff5925f8317b3069be704') in 0.003743 seconds
  Import took 0.006877 seconds .

========================================================================
Received Import Request.
  Time since last request: 1.469826 seconds.
  path: Assets/Scripts/pedestrian.cs
  artifactKey: Guid(b82622c56a7a9df4e9a40892721cc9b3) Importer(815301076,1909f56bfc062723c751e8b465ee728b)
Start importing Assets/Scripts/pedestrian.cs using Guid(b82622c56a7a9df4e9a40892721cc9b3) Importer(815301076,1909f56bfc062723c751e8b465ee728b)  -> (artifact id: 'aadde7ffed2ff5925f8317b3069be704') in 0.001336 seconds
  Import took 0.004629 seconds .

========================================================================
Received Prepare
Registering precompiled user dll's ...
Registered in 0.000923 seconds.
Begin MonoManager ReloadAssembly
Native extension for WindowsStandalone target not found
Native extension for WebGL target not found
Refreshing native plugins compatible for Editor in 0.49 ms, found 0 plugins.
Preloading 0 native plugins for Editor in 0.00 ms.
Mono: successfully reloaded assembly
- Completed reload, in  0.723 seconds
Platform modules already initialized, skipping
Shader 'Universal Render Pipeline/Particles/Lit': fallback shader 'Universal Render Pipeline/Particles/SimpleLit' not found
Shader 'Universal Render Pipeline/Particles/Lit': fallback shader 'Universal Render Pipeline/Particles/SimpleLit' not found
Refreshing native plugins compatible for Editor in 0.46 ms, found 0 plugins.
Preloading 0 native plugins for Editor in 0.00 ms.
Unloading 2358 Unused Serialized files (Serialized files now loaded: 0)
System memory in use before: 132.7 MB.
System memory in use after: 130.0 MB.

Unloading 40 unused Assets to reduce memory usage. Loaded Objects now: 2951.
Total: 2.963000 ms (FindLiveObjects: 0.212600 ms CreateObjectMapping: 0.069500 ms MarkObjects: 1.475000 ms  DeleteObjects: 1.205000 ms)

========================================================================
Received Import Request.
  Time since last request: 109.527075 seconds.
  path: Assets/Scripts/pedestrian.cs
  artifactKey: Guid(b82622c56a7a9df4e9a40892721cc9b3) Importer(815301076,1909f56bfc062723c751e8b465ee728b)
Start importing Assets/Scripts/pedestrian.cs using Guid(b82622c56a7a9df4e9a40892721cc9b3) Importer(815301076,1909f56bfc062723c751e8b465ee728b)  -> (artifact id: 'c0ae51fb2c2ea39c530213645ab72a76') in 0.004058 seconds
  Import took 0.007141 seconds .

========================================================================
Received Prepare
Registering precompiled user dll's ...
Registered in 0.000859 seconds.
Begin MonoManager ReloadAssembly
Native extension for WindowsStandalone target not found
Native extension for WebGL target not found
Refreshing native plugins compatible for Editor in 0.47 ms, found 0 plugins.
Preloading 0 native plugins for Editor in 0.00 ms.
Mono: successfully reloaded assembly
- Completed reload, in  0.716 seconds
Platform modules already initialized, skipping
Shader 'Universal Render Pipeline/Particles/Lit': fallback shader 'Universal Render Pipeline/Particles/SimpleLit' not found
Shader 'Universal Render Pipeline/Particles/Lit': fallback shader 'Universal Render Pipeline/Particles/SimpleLit' not found
Refreshing native plugins compatible for Editor in 0.43 ms, found 0 plugins.
Preloading 0 native plugins for Editor in 0.00 ms.
Unloading 2358 Unused Serialized files (Serialized files now loaded: 0)
System memory in use before: 132.6 MB.
System memory in use after: 129.9 MB.

Unloading 40 unused Assets to reduce memory usage. Loaded Objects now: 2954.
Total: 3.109700 ms (FindLiveObjects: 0.200300 ms CreateObjectMapping: 0.063000 ms MarkObjects: 1.599800 ms  DeleteObjects: 1.245400 ms)

========================================================================
Received Prepare
Registering precompiled user dll's ...
Registered in 0.000971 seconds.
Begin MonoManager ReloadAssembly
Native extension for WindowsStandalone target not found
Native extension for WebGL target not found
Refreshing native plugins compatible for Editor in 0.42 ms, found 0 plugins.
Preloading 0 native plugins for Editor in 0.00 ms.
Mono: successfully reloaded assembly
- Completed reload, in  0.731 seconds
Platform modules already initialized, skipping
Shader 'Universal Render Pipeline/Particles/Lit': fallback shader 'Universal Render Pipeline/Particles/SimpleLit' not found
Shader 'Universal Render Pipeline/Particles/Lit': fallback shader 'Universal Render Pipeline/Particles/SimpleLit' not found
Refreshing native plugins compatible for Editor in 0.43 ms, found 0 plugins.
Preloading 0 native plugins for Editor in 0.00 ms.
Unloading 2358 Unused Serialized files (Serialized files now loaded: 0)
System memory in use before: 132.8 MB.
System memory in use after: 130.0 MB.

Unloading 40 unused Assets to reduce memory usage. Loaded Objects now: 2957.
Total: 3.141600 ms (FindLiveObjects: 0.215100 ms CreateObjectMapping: 0.068800 ms MarkObjects: 1.586700 ms  DeleteObjects: 1.269900 ms)

========================================================================
Received Prepare
Registering precompiled user dll's ...
Registered in 0.000939 seconds.
Begin MonoManager ReloadAssembly
Native extension for WindowsStandalone target not found
Native extension for WebGL target not found
Refreshing native plugins compatible for Editor in 0.43 ms, found 0 plugins.
Preloading 0 native plugins for Editor in 0.00 ms.
Mono: successfully reloaded assembly
- Completed reload, in  0.726 seconds
Platform modules already initialized, skipping
Shader 'Universal Render Pipeline/Particles/Lit': fallback shader 'Universal Render Pipeline/Particles/SimpleLit' not found
Shader 'Universal Render Pipeline/Particles/Lit': fallback shader 'Universal Render Pipeline/Particles/SimpleLit' not found
Refreshing native plugins compatible for Editor in 0.44 ms, found 0 plugins.
Preloading 0 native plugins for Editor in 0.00 ms.
Unloading 2358 Unused Serialized files (Serialized files now loaded: 0)
System memory in use before: 132.8 MB.
System memory in use after: 130.0 MB.

Unloading 40 unused Assets to reduce memory usage. Loaded Objects now: 2960.
Total: 3.078800 ms (FindLiveObjects: 0.227700 ms CreateObjectMapping: 0.073700 ms MarkObjects: 1.467200 ms  DeleteObjects: 1.309300 ms)

========================================================================
Received Import Request.
  Time since last request: 665.804310 seconds.
  path: Assets/Scripts/pedestrian.cs
  artifactKey: Guid(b82622c56a7a9df4e9a40892721cc9b3) Importer(815301076,1909f56bfc062723c751e8b465ee728b)
Start importing Assets/Scripts/pedestrian.cs using Guid(b82622c56a7a9df4e9a40892721cc9b3) Importer(815301076,1909f56bfc062723c751e8b465ee728b)  -> (artifact id: '66332d61b1a8d68673be377d89fad388') in 0.004062 seconds
  Import took 0.007757 seconds .

========================================================================
Received Import Request.
  Time since last request: 0.927690 seconds.
  path: Assets/Scripts/pedestrian.cs
  artifactKey: Guid(b82622c56a7a9df4e9a40892721cc9b3) Importer(815301076,1909f56bfc062723c751e8b465ee728b)
Start importing Assets/Scripts/pedestrian.cs using Guid(b82622c56a7a9df4e9a40892721cc9b3) Importer(815301076,1909f56bfc062723c751e8b465ee728b)  -> (artifact id: '66332d61b1a8d68673be377d89fad388') in 0.001356 seconds
  Import took 0.004750 seconds .

========================================================================
Received Prepare
Registering precompiled user dll's ...
Registered in 0.000862 seconds.
Begin MonoManager ReloadAssembly
Native extension for WindowsStandalone target not found
Native extension for WebGL target not found
Refreshing native plugins compatible for Editor in 0.45 ms, found 0 plugins.
Preloading 0 native plugins for Editor in 0.00 ms.
Mono: successfully reloaded assembly
- Completed reload, in  0.748 seconds
Platform modules already initialized, skipping
Shader 'Universal Render Pipeline/Particles/Lit': fallback shader 'Universal Render Pipeline/Particles/SimpleLit' not found
Shader 'Universal Render Pipeline/Particles/Lit': fallback shader 'Universal Render Pipeline/Particles/SimpleLit' not found
Refreshing native plugins compatible for Editor in 0.45 ms, found 0 plugins.
Preloading 0 native plugins for Editor in 0.00 ms.
Unloading 2358 Unused Serialized files (Serialized files now loaded: 0)
System memory in use before: 132.8 MB.
System memory in use after: 130.0 MB.

Unloading 40 unused Assets to reduce memory usage. Loaded Objects now: 2963.
Total: 3.196200 ms (FindLiveObjects: 0.259500 ms CreateObjectMapping: 0.059400 ms MarkObjects: 1.506800 ms  DeleteObjects: 1.368400 ms)

AssetImportWorkerClient::OnTransportError - code=2 error=End of file
